<?xml version="1.0" encoding="UTF-8"?>
<!-- Generated by org.testng.reporters.JUnitReportReporter -->
<testsuite skipped="0" hostname="dv-lt-n-37516" name="cucumber.Options.TestRunner" tests="3" failures="0" timestamp="02 Oct 2023 08:51:11 GMT" time="3.903" errors="0">
  <testcase name="runScenario" time="0.649" classname="cucumber.Options.TestRunner"/>
  <testcase name="runScenario" time="0.586" classname="cucumber.Options.TestRunner"/>
  <testcase name="runScenario" time="2.668" classname="cucumber.Options.TestRunner"/>
</testsuite> <!-- cucumber.Options.TestRunner -->
